# - group packages
acct-group/adm-0-r1
acct-group/audio-0-r1
acct-group/cdrom-0-r1
acct-group/dialout-0-r1
acct-group/disk-0-r1
acct-group/docker-0-r1
acct-group/input-0-r1
acct-group/kmem-0-r1
acct-group/kvm-0-r1
acct-group/lp-0-r1
acct-group/man-0-r1
acct-group/messagebus-0-r1
acct-group/nobody-0
acct-group/ntp-0-r1
acct-group/pcap-0
acct-group/plugdev-0-r1
acct-group/portage-0
acct-group/render-0-r1
acct-group/root-0
acct-group/sgx-0
acct-group/sshd-0-r1
acct-group/systemd-coredump-0-r1
acct-group/systemd-journal-0-r1
acct-group/systemd-journal-remote-0-r1
acct-group/systemd-network-0-r1
acct-group/systemd-oom-0
acct-group/systemd-resolve-0-r1
acct-group/systemd-timesync-0-r1
acct-group/tape-0-r1
acct-group/tty-0-r1
acct-group/users-0
acct-group/utmp-0-r1
acct-group/video-0-r1
acct-group/wheel-0-r1

# - user packages
acct-user/man-1-r1
acct-user/messagebus-0-r1
acct-user/nobody-0
acct-user/ntp-0-r1
acct-user/pcap-0
acct-user/portage-0
acct-user/root-0-r1
acct-user/sshd-0-r1
acct-user/systemd-coredump-0-r1
acct-user/systemd-journal-remote-0-r1
acct-user/systemd-network-0-r1
acct-user/systemd-oom-0
acct-user/systemd-resolve-0-r1
acct-user/systemd-timesync-0-r1


- app-admin/eselect-1.4.20
- app-admin/perl-cleaner-2.30
* app-admin/sudo-1.9.10-r1
* app-admin/superadduser-1.15
* app-arch/bzip2-1.0.8-r1
? app-arch/cpio-2.12-r1
* app-arch/gzip-1.12
- app-arch/libarchive-3.6.1
- app-arch/lz4-1.9.3-r1
* app-arch/tar-1.34
? app-arch/unzip-6.0_p26
- app-arch/xz-utils-5.2.5-r2
- app-arch/zstd-1.5.2

# * containers packages!
app-containers/conmon-2.0.30
app-containers/containerd-1.5.11
app-containers/cri-o-1.23.2
app-containers/cri-tools-1.23.0
app-containers/docker-20.10.12-r1
app-containers/docker-cli-20.10.12
app-containers/docker-proxy-0.8.0_p20210525
app-containers/runc-1.0.3

- app-crypt/gnupg-2.2.34-r1
- app-crypt/gpgme-1.16.0 - GnuPG Made Easy is a library for making GnuPG easier to use
- app-crypt/libb2-0.98.1-r2 - C library providing BLAKE2b, BLAKE2s, BLAKE2bp, BLAKE2sp
- app-crypt/pinentry-1.2.0
- app-crypt/rhash-1.4.2 - Console utility and library for computing and verifying file hash sums
* app-editors/nano-6.2
* app-emulation/cloud-init-22.2

# - eselect packages
app-eselect/eselect-iptables-20220320
app-eselect/eselect-lib-bin-symlink-0.1.1-r1
app-eselect/eselect-pinentry-0.7.2
app-eselect/eselect-repository-12
app-eselect/eselect-rust-20210703

- app-misc/c_rehash-1.7-r1 - c_rehash script from OpenSSL
* app-misc/ca-certificates-20210119.3.66
  - depends on c_rehash
- app-misc/editor-wrapper-4-r1 - Wrapper scripts that will execute EDITOR or PAGER
? app-misc/mc-4.8.27-r1
? app-misc/mime-types-2.1.53 - Provides /etc/mime.types file
- app-misc/pax-utils-1.3.3 - ELF utils that can check files for security relevant properties
? app-misc/screen-4.9.0

# - portage packages
app-portage/eix-0.36.1
app-portage/elt-patches-20211104
app-portage/gemato-16.2
app-portage/gentoolkit-0.5.1-r1
app-portage/portage-utils-0.93.3

* app-shells/bash-5.1_p16
- app-shells/push-3.4 - A POSIX shell function to treat a variable like an array, quoting args
- app-shells/quoter-4.2 - Quote arguments or standard input for usage in POSIX shell by eval

# - text packages
app-text/build-docbook-catalog-2.2
app-text/docbook-xml-dtd-4.5-r2
app-text/docbook-xml-dtd-4.4-r3
app-text/docbook-xml-dtd-4.2-r3
app-text/docbook-xml-dtd-4.1.2-r7
app-text/docbook-xsl-stylesheets-1.79.1-r2
app-text/manpager-1
app-text/opensp-1.5.2-r7
app-text/po4a-0.64
app-text/sgml-common-0.6.3-r7
app-text/xmlto-0.0.28-r8

* dev-db/sqlite-3.38.3
  - needed by python, gnupg, docker
- dev-go/go-md2man-2.0.0

# programming languages packages
- dev-lang/go-1.18.2
- dev-lang/go-bootstrap-1.16.6
- dev-lang/luajit-2.0.5-r3
* dev-lang/perl-5.34.0-r9
- dev-lang/python-3.10.4
* dev-lang/python-3.9.12
- dev-lang/python-exec-2.4.8
- dev-lang/python-exec-conf-2.4.6
- dev-lang/rust-bin-1.59.0
- dev-lang/tcl-8.6.12

# libraries packages
- dev-libs/elfutils-0.186 - Libraries/utilities to handle ELF objects (drop in replacement for libelf)
- dev-libs/expat-2.4.8 - Stream-oriented XML parser library
* dev-libs/glib-2.72.1 - The GLib library of C routines
* dev-libs/gmp-6.2.1-r2 - Library for arbitrary-precision arithmetic on different type of numbers
- dev-libs/jsoncpp-1.9.5 - C++ JSON reader and writer
* dev-libs/libaio-0.3.112 - Asynchronous input/output library that uses the kernels native interface
  - needed by strace
* dev-libs/libassuan-2.5.5 - IPC library used by GnuPG and GPGME
  - needed by cri-o (only build, though?)
- dev-libs/libbpf-0.7.0 - Stand-alone build of libbpf from the Linux kernel
* dev-libs/libffi-3.3-r2 - a portable, high level programming interface to various calling conventions
  - needed by python, glib
* dev-libs/libgcrypt-1.9.4-r1 - General purpose crypto library based on the code used in GnuPG
  - needed by sudo, wireshark, systemd
* dev-libs/libgpg-error-1.42 - Contains error handling functions used by GnuPG software
  - needed by cri-o (build?), libassuan etc.
- dev-libs/libksba-1.5.1 - X.509 and CMS (PKCS#7) library
* dev-libs/libltdl-2.4.6 - A shared library tool for developers
  - needed by docker (build?), libtool
? dev-libs/libnl-3.5.0 - Libraries providing APIs to netlink protocol based Linux kernel interfaces
  - needed by wireshark (build?), libpcap, htop(delayacct)
* dev-libs/libpcre-8.45-r1 - Perl-compatible regular expression library
  - needed by glib, grep, slang
* dev-libs/libpcre2-10.40 - Perl-compatible regular expression library
  - needed by wget, less, systemd, util-linux
- dev-libs/libpipeline-1.5.6 - A pipeline manipulation library
* dev-libs/libtasn1-4.18.0 - ASN.1 library
  - needed by gnutls (-> chrony)
* dev-libs/libunistring-0.9.10-r1 - Library for manipulating Unicode and C strings according to Unicode standard
  - needed by gnutls
- dev-libs/libuv-1.44.1 - Cross-platform asychronous I/O
? dev-libs/libxml2-2.9.14-r1 - XML C parser and toolkit
* dev-libs/libxslt-1.1.35 - XSLT libraries and tools
  - needed by glib (build?)
? dev-libs/libyaml-0.2.5 - YAML 1.1 parser and emitter written in C
  - needed by dev-libs/libyaml
- dev-libs/mpc-1.2.1 - A library for multiprecision complex arithmetic with exact rounding
- dev-libs/mpfr-4.1.0_p13-r1 - Library for multiple-precision floating-point computations with exact rounding
* dev-libs/nettle-3.7.3 - Low-level cryptographic library
  - needed by chrony
* dev-libs/newt-0.52.21_p20210816 - Redhat's Newt windowing toolkit development files
  - needed by NetworkManager(+tools)
- dev-libs/npth-1.6-r1 - New GNU Portable Threads Library
* dev-libs/openssl-1.1.1o - Robust, full-featured Open Source Toolkit for the Transport Layer Security (TLS)
? dev-libs/popt-1.18 - Parse Options - Command line parser
  - needed by newt (build?), rsync

# perl packages
dev-perl/Devel-CheckLib-1.140.0
dev-perl/Encode-Locale-1.50.0-r1
dev-perl/File-Listing-6.140.0
dev-perl/HTML-Parser-3.760.0
dev-perl/HTML-Tagset-3.200.0-r2
dev-perl/HTTP-Cookies-6.100.0
dev-perl/HTTP-Date-6.50.0
dev-perl/HTTP-Message-6.330.0
dev-perl/HTTP-Negotiate-6.10.0-r2
dev-perl/IO-HTML-1.4.0
dev-perl/IO-Socket-INET6-2.720.0-r2
dev-perl/IO-Socket-SSL-2.72.0
dev-perl/libwww-perl-6.600.0-r1
dev-perl/Locale-gettext-1.70.0-r1
dev-perl/LWP-MediaTypes-6.40.0
dev-perl/LWP-Protocol-https-6.100.0
dev-perl/MIME-Charset-1.12.2-r1
dev-perl/Module-Build-0.423.100
dev-perl/Mozilla-CA-20999999-r1
dev-perl/Net-HTTP-6.210.0
dev-perl/Net-SSLeay-1.900.0
dev-perl/Pod-Parser-1.630.0-r1
dev-perl/SGMLSpm-1.1-r2
dev-perl/Socket6-0.290.0
dev-perl/TermReadKey-2.380.0
dev-perl/Text-CharWidth-0.40.0-r2
dev-perl/Text-WrapI18N-0.60.0-r2
dev-perl/TimeDate-2.330.0-r1
dev-perl/Try-Tiny-0.310.0
dev-perl/Unicode-LineBreak-2019.1.0
dev-perl/URI-5.100.0
dev-perl/WWW-RobotRules-6.20.0-r2
dev-perl/XML-Parser-2.460.0-r2
dev-perl/YAML-Tiny-1.730.0-r1

# python packages
dev-python/appdirs-1.4.4-r2
dev-python/arrow-1.2.2
dev-python/attrs-21.4.0
dev-python/blinker-1.4-r2
dev-python/certifi-3021.3.16-r1
dev-python/cffi-1.15.0
dev-python/charset_normalizer-2.0.12
dev-python/configobj-5.0.6-r2
dev-python/cryptography-37.0.2
dev-python/cython-0.29.28
dev-python/docutils-0.18.1
dev-python/flit_core-3.7.1
dev-python/fqdn-1.5.1-r1
dev-python/gpep517-3
dev-python/idna-3.3
dev-python/importlib_metadata-4.11.3
dev-python/installer-0.5.1
dev-python/isoduration-20.11.0
dev-python/jaraco-context-4.1.1-r2
dev-python/jaraco-functools-3.5.0-r2
dev-python/jaraco-text-3.7.0-r2
dev-python/jinja-3.1.2
dev-python/jsonpatch-1.32
dev-python/jsonpointer-2.3
dev-python/jsonschema-4.4.0-r2
dev-python/lxml-4.8.0-r1
dev-python/markupsafe-2.1.1
dev-python/more-itertools-8.12.0-r1
dev-python/netifaces-0.11.0
dev-python/nspektr-0.3.0
dev-python/oauthlib-3.2.0
dev-python/ordered-set-4.1.0
dev-python/packaging-21.3-r2
dev-python/ply-3.11-r1
dev-python/pycparser-2.21
dev-python/pygments-2.12.0-r1
dev-python/pyjwt-2.4.0
dev-python/pyparsing-3.0.9
dev-python/pyrsistent-0.18.1
dev-python/pyserial-3.5-r1
dev-python/PySocks-1.7.1-r1
dev-python/python-dateutil-2.8.2
dev-python/pyyaml-6.0
dev-python/regex-2022.4.24
dev-python/requests-2.27.1
dev-python/rfc3339-validator-0.1.4
dev-python/rfc3986-validator-0.1.1-r1
dev-python/rfc3987-1.3.8-r2
dev-python/semantic_version-2.10.0
dev-python/setuptools-62.1.0-r1
dev-python/setuptools-rust-1.3.0
dev-python/setuptools_scm-6.4.2
dev-python/six-1.16.0
dev-python/strict-rfc3339-0.7-r2
dev-python/tomli-2.0.1
dev-python/typing-extensions-4.2.0
dev-python/uri_template-1.2.0
dev-python/urllib3-1.26.9
dev-python/webcolors-1.11.1
dev-python/wheel-0.37.1-r1
dev-python/zipp-3.8.0
dev-python/zope-interface-5.4.0-r2


? dev-util/bcc-0.24.0-r1 - Tools for BPF-based Linux IO analysis, networking, monitoring, and more
- dev-util/bpftool-5.17.4 - Tool for inspection and simple manipulation of eBPF programs and maps
- dev-util/cmake-3.22.4 - Cross platform Make
- dev-util/desktop-file-utils-0.26-r2 - Command line utilities to work with desktop menu entries
- dev-util/gdbus-codegen-2.72.1 - GDBus code and documentation generator
- dev-util/glib-utils-2.72.1 - Build utilities for GLib using projects
- dev-util/gperf-3.1 - A perfect hash function generator
- dev-util/intltool-0.51.0-r2 - Internationalization Tool Collection
- dev-util/meson-0.61.4-r2 - Open source build system
- dev-util/meson-format-array-0 - Format shell expressions into a meson array
- dev-util/ninja-1.10.2-r1 - A small build system similar to make
- dev-util/patchutils-0.4.2 - A collection of tools that operate on patch files
- dev-util/pkgconf-1.8.0-r1 - pkg-config compatible replacement with no dependencies other than ANSI C89
- dev-util/re2c-2.1.1-r1 - Tool for generating C-based recognizers from regular expressions
* dev-util/strace-5.17

- dev-vcs/git-2.35.1
- dev-vcs/tig-2.5.1-r1
? media-libs/freetype-2.12.0-r1
  - needed by grub
? media-libs/libpng-1.6.37-r2
  - needed by freetype, slang
? media-libs/speexdsp-1.2.0 - Audio compression format designed for speech -- DSP
  - needed by wireshark
* net-analyzer/macchanger-1.7.0_p5_p4 - Utility for viewing/manipulating the MAC address of network interfaces
  - needed by cloud-init
* net-analyzer/tcpdump-4.99.1
? net-analyzer/wireshark-3.6.3


? net-dns/c-ares-1.17.2 - C library that resolves names asynchronously
  - used by wireshark
* net-dns/libidn2-2.3.2 - An implementation of the IDNA2008 specifications (RFCs 5890, 5891, 5892, 5893) (Internationalized Domain Names)
  - used by NetworkManager, wireshark, chrony
? net-firewall/conntrack-tools-1.4.6-r1
  - needed by cri-o?
* net-firewall/ebtables-2.0.11-r3
  - needed by kubernetes (kubeadm)
* net-firewall/iptables-1.8.7-r2
  - needed by kubernetes (kubeadm)
* net-libs/gnutls-3.7.3-r1 - A secure communications library implementing the SSL, TLS and DTLS protocols
  - needed by wireshark, chrony, curl etc.
* net-libs/libmnl-1.0.4 - Minimalistic netlink library
? net-libs/libndp-1.8 - Library for Neighbor Discovery Protocol
  - needed by NetworkManager?
* net-libs/libnetfilter_conntrack-1.0.8
* net-libs/libnetfilter_cthelper-1.0.0-r1
* net-libs/libnetfilter_cttimeout-1.0.0-r1
* net-libs/libnetfilter_queue-1.0.5
  - ^^ 4 needed by iptables
* net-libs/libnfnetlink-1.0.1 - The low-level library for netfilter related kernel/userspace communication
  - ^^
- net-libs/libnsl-1.3.0-r2 - Public client interface for NIS(YP) in a IPv6 ready version
* net-libs/libpcap-1.10.1-r1 - A system-independent library for user-level network packet capture
  - used by tcpdump, wireshark
? net-libs/libtirpc-1.3.2 - Transport Independent RPC library (SunRPC replacement)
  - user by lsof?
* net-libs/nghttp2-1.45.1-r1
  - used by curl

* net-misc/chrony-4.2-r1
* net-misc/cni-plugins-0.9.1
* net-misc/curl-7.83.1
* net-misc/ethertypes-0
* net-misc/iputils-20211215
* net-misc/networkmanager-1.36.4
* net-misc/openssh-8.9_p1-r2
? net-misc/rsync-3.2.4-r1
* net-misc/socat-1.7.4.3
? net-misc/wget-1.21.3

perl-core/CPAN-2.290.0-r1
perl-core/Encode-3.120.0
perl-core/File-Temp-0.231.100
perl-core/Scalar-List-Utils-1.560.0

sec-keys/openpgp-keys-gentoo-release-20220101

* sys-apps/acl-2.3.1 - Access control list utilities, libraries, and headers
  - needed by systemd etc.
* sys-apps/attr-2.5.1 - Extended attributes tools
  - needed by coreutils (ls, mv etc.)
* sys-apps/baselayout-2.8
* sys-apps/coreutils-8.32-r1
* sys-apps/dbus-1.12.22-r1
  - needed by systemd
? sys-apps/debianutils-5.7
? sys-apps/diffutils-3.8
* sys-apps/ethtool-5.15
? sys-apps/file-5.41
? sys-apps/findutils-4.9.0
* sys-apps/gawk-5.1.1-r2
* sys-apps/gentoo-functions-0.15
? sys-apps/gentoo-systemd-integration-9
? sys-apps/gptfdisk-1.0.8-r1
* sys-apps/grep-3.7
- sys-apps/groff-1.22.4 - Text formatter used for man pages
- sys-apps/help2man-1.48.5 - GNU utility to convert program --help output to a man page
* sys-apps/hwdata-0.358
- sys-apps/install-xattr-0.8 - Wrapper to coreutil's install to preserve Filesystem Extended Attributes
* sys-apps/iproute2-5.15.0
? sys-apps/kbd-2.4.0 - Keyboard and console utilities
* sys-apps/kmod-29 - library and tools for managing linux kernel modules
* sys-apps/less-590
- sys-apps/man-db-2.10.2-r1
- sys-apps/man-pages-5.13
- sys-apps/man-pages-posix-2017a
* sys-apps/net-tools-2.10
* sys-apps/pciutils-3.8.0
- sys-apps/portage-3.0.30-r3
- sys-apps/sandbox-2.29
* sys-apps/sed-4.8
* sys-apps/shadow-4.11.1
* sys-apps/systemd-250.6
- sys-apps/texinfo-6.8 - The GNU info program and utilities
* sys-apps/util-linux-2.37.4
* sys-apps/which-2.21

* sys-auth/pambase-20210201.1
? sys-auth/passwdqc-2.0.2-r1 - Password strength checking library (and PAM module)

? sys-boot/efibootmgr-17
? sys-boot/grub-2.06-r1

* sys-cluster/kubeadm-1.23.7
* sys-cluster/kubectl-1.23.7
* sys-cluster/kubelet-1.23.7

# - devel packages
sys-devel/autoconf-2.71-r1
sys-devel/autoconf-archive-2021.02.19
sys-devel/autoconf-wrapper-20220130
sys-devel/automake-1.16.5
sys-devel/automake-wrapper-11
sys-devel/bc-1.07.1-r3
sys-devel/binutils-2.37_p1-r2
sys-devel/binutils-config-5.4.1
sys-devel/bison-3.8.2
sys-devel/clang-13.0.1
sys-devel/clang-common-13.0.1
sys-devel/clang-runtime-13.0.1
sys-devel/flex-2.6.4-r1
sys-devel/gcc-11.3.0
sys-devel/gcc-config-2.5-r1
sys-devel/gettext-0.21-r1
sys-devel/gnuconfig-20210107
sys-devel/libtool-2.4.6-r6
sys-devel/llvm-13.0.1
sys-devel/llvm-common-13.0.1
sys-devel/llvmgold-13-r1
sys-devel/m4-1.4.19
sys-devel/make-4.3
sys-devel/patch-2.7.6-r4

? sys-fs/e2fsprogs-1.46.5-r1
? sys-fs/growpart-0.0.32
* sys-fs/ncdu-1.15.1-r1
* sys-fs/udev-init-scripts-34
  - needed by systemd

- sys-kernel/genkernel-4.2.6-r2
- sys-kernel/gentoo-sources-5.15.41
- sys-kernel/installkernel-gentoo-5
- sys-kernel/linux-firmware-20220509
- sys-kernel/linux-headers-5.15-r3

sys-libs/binutils-libs-2.37_p1-r2
sys-libs/compiler-rt-13.0.1
sys-libs/compiler-rt-sanitizers-13.0.1
sys-libs/efivar-37
? sys-libs/gdbm-1.23 - Standard GNU database libraries
* sys-libs/glibc-2.34-r13
* sys-libs/libcap-2.64 - POSIX 1003.1e capabilities
* sys-libs/libcap-ng-0.8.3
  - needed by tcpdump
sys-libs/libomp-13.0.1 - OpenMP runtime library for LLVM/clang compiler
* sys-libs/libseccomp-2.5.4 - high level interface to Linux seccomp filter
  - needed by systemd
? sys-libs/libxcrypt-4.4.27 - Extended crypt library for descrypt, md5crypt, bcrypt, and others
* sys-libs/ncurses-6.3_p20220423
* sys-libs/pam-1.5.1_p20210622-r1
* sys-libs/readline-8.1_p2
? sys-libs/slang-2.3.2 - Multi-platform library designed to allow a developer to create robust software
  - needed by NetworkManager?
* sys-libs/timezone-data-2021e
* sys-libs/zlib-1.2.11-r4 - Standard (de)compression library

* sys-process/htop-3.1.2-r1
* sys-process/lsof-4.95.0
* sys-process/procps-3.3.17-r1
* sys-process/psmisc-23.4-r1
? sys-process/tini-0.19.0-r1

# - virtual packages
virtual/acl-0-r2
virtual/awk-1
virtual/dev-manager-0-r2
virtual/editor-0-r3
virtual/libc-1-r1
virtual/libcrypt-2
virtual/libelf-3
virtual/libiconv-0-r2
virtual/libintl-0-r2
virtual/libudev-232-r7
virtual/logger-0-r1
virtual/man-0-r4
virtual/os-headers-0-r2
virtual/package-manager-1
virtual/pager-0
virtual/perl-Carp-1.520.0-r2
virtual/perl-Compress-Raw-Bzip2-2.101.0-r1
virtual/perl-Compress-Raw-Zlib-2.101.0-r1
virtual/perl-CPAN-2.290.0
virtual/perl-CPAN-Meta-2.150.10-r6
virtual/perl-CPAN-Meta-Requirements-2.140.0-r8
virtual/perl-CPAN-Meta-YAML-0.18.0-r8
virtual/perl-Data-Dumper-2.179.0
virtual/perl-Digest-MD5-2.580.0-r1
virtual/perl-Encode-3.120.0
virtual/perl-Exporter-5.760.0
virtual/perl-ExtUtils-CBuilder-0.280.236-r1
virtual/perl-ExtUtils-Install-2.200.0-r1
virtual/perl-ExtUtils-MakeMaker-7.620.0
virtual/perl-ExtUtils-Manifest-1.730.0-r1
virtual/perl-ExtUtils-ParseXS-3.430.0
virtual/perl-File-Spec-3.800.0
virtual/perl-File-Temp-0.231.100
virtual/perl-Getopt-Long-2.520.0-r1
virtual/perl-IO-1.460.0
virtual/perl-IO-Compress-2.102.0-r1
virtual/perl-IO-Socket-IP-0.410.0-r1
virtual/perl-JSON-PP-4.60.0
virtual/perl-libnet-3.130.0
virtual/perl-MIME-Base64-3.160.0-r1
virtual/perl-Module-Metadata-1.0.37-r2
virtual/perl-parent-0.238.0-r2
virtual/perl-Parse-CPAN-Meta-2.150.10-r6
virtual/perl-Perl-OSType-1.10.0-r6
virtual/perl-podlators-4.140.0-r3
virtual/perl-Scalar-List-Utils-1.560.0
virtual/perl-Test-Harness-3.430.0
virtual/perl-Text-ParseWords-3.300.0-r8
virtual/perl-Time-Local-1.300.0-r1
virtual/perl-version-0.992.800
virtual/perl-XSLoader-0.300.0-r4
virtual/pkgconfig-2-r1
virtual/rust-1.59.0
virtual/service-manager-1
virtual/ssh-0
virtual/tmpfiles-0-r3
virtual/udev-217-r5
virtual/yacc-0

x11-misc/shared-mime-info-2.2
